<?xml version="1.0" encoding="UTF-8"?>
<!-- Generated by org.testng.reporters.JUnitXMLReporter -->
<testsuite ignored="4" hostname="DESKTOP-MT1FCIP" failures="0" tests="9" name="Edge Test" time="17.838" errors="0" timestamp="2024-04-10T11:44:17 EDT">
  <testcase classname="test.BasicValidation" name="titleValidation" time="0.01"/>
  <testcase classname="test.BasicValidation" name="urlValidation" time="0.007"/>
  <testcase classname="test.LoginValidation" name="BlankUsernameBlankPasswordTest" time="0.197"/>
  <testcase classname="test.LoginValidation" name="InvalidUsernameInvalidPasswordTest" time="0.172"/>
  <testcase classname="test.LoginValidation" name="blankUsernameValidPasswordTest" time="0.16"/>
  <testcase classname="test.LoginValidation" name="invalidUsernameValidPasswordTest" time="0.184"/>
  <testcase classname="test.LoginValidation" name="validUsernameBlankPasswordTest" time="2.049"/>
  <testcase classname="test.LoginValidation" name="validUsernameInvalidPasswordTest" time="0.172"/>
  <testcase classname="test.LoginValidation" name="validUsernameValidPasswordTest" time="0.156"/>
  <testcase classname="test.BaseTest" name="@AfterTest afterTest" time="0.0">
    <ignored/>
  </testcase> <!-- @AfterTest afterTest -->
  <testcase classname="test.BaseTest" name="@AfterTest afterTest" time="0.0">
    <ignored/>
  </testcase> <!-- @AfterTest afterTest -->
  <testcase classname="test.BaseTest" name="@BeforeTest beforeTest" time="0.0">
    <ignored/>
  </testcase> <!-- @BeforeTest beforeTest -->
  <testcase classname="test.BaseTest" name="@BeforeTest beforeTest" time="0.0">
    <ignored/>
  </testcase> <!-- @BeforeTest beforeTest -->
</testsuite> <!-- Edge Test -->
