<?xml version="1.0" encoding="UTF-8"?>
<!-- Generated by org.testng.reporters.JUnitXMLReporter -->
<testsuite ignored="4" hostname="DESKTOP-MT1FCIP" failures="0" tests="9" name="EdgeTest" time="18.602" errors="0" timestamp="2024-04-10T09:54:21 EDT">
  <testcase classname="test.BasicValidation" name="titleValidation" time="0.005"/>
  <testcase classname="test.BasicValidation" name="urlValidation" time="0.005"/>
  <testcase classname="test.LoginValidation" name="BlankUsernameBlankPasswordTest" time="0.165"/>
  <testcase classname="test.LoginValidation" name="InvalidUsernameInvalidPasswordTest" time="0.893"/>
  <testcase classname="test.LoginValidation" name="blankUsernameValidPasswordTest" time="3.092"/>
  <testcase classname="test.LoginValidation" name="invalidUsernameValidPasswordTest" time="0.561"/>
  <testcase classname="test.LoginValidation" name="validUsernameBlankPasswordTest" time="4.409"/>
  <testcase classname="test.LoginValidation" name="validUsernameInvalidPasswordTest" time="2.937"/>
  <testcase classname="test.LoginValidation" name="validUsernameValidPasswordTest" time="3.348"/>
  <testcase classname="test.BaseTest" name="@AfterTest afterTest" time="0.0">
    <ignored/>
  </testcase> <!-- @AfterTest afterTest -->
  <testcase classname="test.BaseTest" name="@AfterTest afterTest" time="0.0">
    <ignored/>
  </testcase> <!-- @AfterTest afterTest -->
  <testcase classname="test.BaseTest" name="@BeforeTest beforeTest" time="0.0">
    <ignored/>
  </testcase> <!-- @BeforeTest beforeTest -->
  <testcase classname="test.BaseTest" name="@BeforeTest beforeTest" time="0.0">
    <ignored/>
  </testcase> <!-- @BeforeTest beforeTest -->
</testsuite> <!-- EdgeTest -->
