<?xml version="1.0" encoding="UTF-8"?>
<!-- Generated by org.testng.reporters.JUnitXMLReporter -->
<testsuite ignored="4" hostname="DESKTOP-MT1FCIP" failures="0" tests="9" name="RegressionTest" time="9.975" errors="0" timestamp="2024-04-10T00:47:46 EDT">
  <testcase classname="test.BasicValidation" name="titleValidation" time="0.008"/>
  <testcase classname="test.BasicValidation" name="urlValidation" time="0.005"/>
  <testcase classname="test.LoginValidation" name="BlankUsernameBlankPasswordTest" time="0.169"/>
  <testcase classname="test.LoginValidation" name="InvalidUsernameInvalidPasswordTest" time="0.709"/>
  <testcase classname="test.LoginValidation" name="blankUsernameValidPasswordTest" time="2.502"/>
  <testcase classname="test.LoginValidation" name="invalidUsernameValidPasswordTest" time="0.367"/>
  <testcase classname="test.LoginValidation" name="validUsernameBlankPasswordTest" time="2.747"/>
  <testcase classname="test.LoginValidation" name="validUsernameInvalidPasswordTest" time="0.825"/>
  <testcase classname="test.LoginValidation" name="validUsernameValidPasswordTest" time="0.633"/>
  <testcase classname="test.BaseTest" name="@AfterTest afterTest" time="0.0">
    <ignored/>
  </testcase> <!-- @AfterTest afterTest -->
  <testcase classname="test.BaseTest" name="@AfterTest afterTest" time="0.0">
    <ignored/>
  </testcase> <!-- @AfterTest afterTest -->
  <testcase classname="test.BaseTest" name="@BeforeTest beforeTest" time="0.0">
    <ignored/>
  </testcase> <!-- @BeforeTest beforeTest -->
  <testcase classname="test.BaseTest" name="@BeforeTest beforeTest" time="0.0">
    <ignored/>
  </testcase> <!-- @BeforeTest beforeTest -->
</testsuite> <!-- RegressionTest -->
