<?xml version="1.0" encoding="UTF-8"?>
<testng-results ignored="4" total="13" passed="9" failed="0" skipped="0">
  <reporter-output>
    <line>
      <![CDATA[Expected Result = Facebook - log in or sign up]]>
    </line>
    <line>
      <![CDATA[Actual Result = Facebook - log in or sign up]]>
    </line>
    <line>
      <![CDATA[Expected Result = https://www.facebook.com/]]>
    </line>
    <line>
      <![CDATA[Actual Result = https://www.facebook.com/]]>
    </line>
    <line>
      <![CDATA[username = ]]>
    </line>
    <line>
      <![CDATA[password = ]]>
    </line>
    <line>
      <![CDATA[username = invalid-dan@gmail.com]]>
    </line>
    <line>
      <![CDATA[password = invalid-newtest1234]]>
    </line>
    <line>
      <![CDATA[username = ]]>
    </line>
    <line>
      <![CDATA[password = newtest1234]]>
    </line>
    <line>
      <![CDATA[username = invalid-dan@gmail.com]]>
    </line>
    <line>
      <![CDATA[password = newtest1234]]>
    </line>
    <line>
      <![CDATA[username = dan@gmail.com]]>
    </line>
    <line>
      <![CDATA[password = ]]>
    </line>
    <line>
      <![CDATA[username = dan@gmail.com]]>
    </line>
    <line>
      <![CDATA[password = invalid-newtest1234]]>
    </line>
    <line>
      <![CDATA[username = dan@gmail.com]]>
    </line>
    <line>
      <![CDATA[password = newtest1234]]>
    </line>
  </reporter-output>
  <suite started-at="2024-04-10T11:43:59 EDT" name="RegressionSuite" finished-at="2024-04-10T11:44:17 EDT" duration-ms="17838">
    <groups>
    </groups>
    <test started-at="2024-04-10T11:43:59 EDT" name="Edge Test" finished-at="2024-04-10T11:44:17 EDT" duration-ms="17838">
      <class name="test.LoginValidation">
        <test-method is-config="true" signature="beforeMethod()[pri:0, instance:test.LoginValidation@12aba8be]" started-at="2024-04-10T11:44:01 EDT" name="beforeMethod" finished-at="2024-04-10T11:44:02 EDT" duration-ms="341" status="PASS">
          <reporter-output>
          </reporter-output>
        </test-method> <!-- beforeMethod -->
        <test-method signature="BlankUsernameBlankPasswordTest()[pri:0, instance:test.LoginValidation@12aba8be]" started-at="2024-04-10T11:44:02 EDT" name="BlankUsernameBlankPasswordTest" finished-at="2024-04-10T11:44:02 EDT" duration-ms="197" status="PASS">
          <reporter-output>
            <line>
              <![CDATA[username = ]]>
            </line>
            <line>
              <![CDATA[password = ]]>
            </line>
          </reporter-output>
        </test-method> <!-- BlankUsernameBlankPasswordTest -->
        <test-method is-config="true" signature="beforeMethod()[pri:0, instance:test.LoginValidation@12aba8be]" started-at="2024-04-10T11:44:02 EDT" name="beforeMethod" finished-at="2024-04-10T11:44:02 EDT" duration-ms="370" status="PASS">
          <reporter-output>
          </reporter-output>
        </test-method> <!-- beforeMethod -->
        <test-method signature="InvalidUsernameInvalidPasswordTest(java.lang.String,java.lang.String)[pri:0, instance:test.LoginValidation@12aba8be]" started-at="2024-04-10T11:44:02 EDT" name="InvalidUsernameInvalidPasswordTest" finished-at="2024-04-10T11:44:03 EDT" duration-ms="172" status="PASS">
          <params>
            <param index="0">
              <value>
                <![CDATA[invalid-dan@gmail.com]]>
              </value>
            </param>
            <param index="1">
              <value>
                <![CDATA[invalid-newtest1234]]>
              </value>
            </param>
          </params>
          <reporter-output>
            <line>
              <![CDATA[username = invalid-dan@gmail.com]]>
            </line>
            <line>
              <![CDATA[password = invalid-newtest1234]]>
            </line>
          </reporter-output>
        </test-method> <!-- InvalidUsernameInvalidPasswordTest -->
        <test-method is-config="true" signature="beforeMethod()[pri:0, instance:test.LoginValidation@12aba8be]" started-at="2024-04-10T11:44:03 EDT" name="beforeMethod" finished-at="2024-04-10T11:44:06 EDT" duration-ms="3246" status="PASS">
          <reporter-output>
          </reporter-output>
        </test-method> <!-- beforeMethod -->
        <test-method signature="blankUsernameValidPasswordTest(java.lang.String)[pri:0, instance:test.LoginValidation@12aba8be]" started-at="2024-04-10T11:44:06 EDT" name="blankUsernameValidPasswordTest" finished-at="2024-04-10T11:44:06 EDT" duration-ms="160" status="PASS">
          <params>
            <param index="0">
              <value>
                <![CDATA[newtest1234]]>
              </value>
            </param>
          </params>
          <reporter-output>
            <line>
              <![CDATA[username = ]]>
            </line>
            <line>
              <![CDATA[password = newtest1234]]>
            </line>
          </reporter-output>
        </test-method> <!-- blankUsernameValidPasswordTest -->
        <test-method is-config="true" signature="beforeMethod()[pri:0, instance:test.LoginValidation@12aba8be]" started-at="2024-04-10T11:44:06 EDT" name="beforeMethod" finished-at="2024-04-10T11:44:07 EDT" duration-ms="776" status="PASS">
          <reporter-output>
          </reporter-output>
        </test-method> <!-- beforeMethod -->
        <test-method signature="invalidUsernameValidPasswordTest(java.lang.String,java.lang.String)[pri:0, instance:test.LoginValidation@12aba8be]" started-at="2024-04-10T11:44:07 EDT" name="invalidUsernameValidPasswordTest" finished-at="2024-04-10T11:44:07 EDT" duration-ms="184" status="PASS">
          <params>
            <param index="0">
              <value>
                <![CDATA[invalid-dan@gmail.com]]>
              </value>
            </param>
            <param index="1">
              <value>
                <![CDATA[newtest1234]]>
              </value>
            </param>
          </params>
          <reporter-output>
            <line>
              <![CDATA[username = invalid-dan@gmail.com]]>
            </line>
            <line>
              <![CDATA[password = newtest1234]]>
            </line>
          </reporter-output>
        </test-method> <!-- invalidUsernameValidPasswordTest -->
        <test-method is-config="true" signature="beforeMethod()[pri:0, instance:test.LoginValidation@12aba8be]" started-at="2024-04-10T11:44:07 EDT" name="beforeMethod" finished-at="2024-04-10T11:44:11 EDT" duration-ms="3996" status="PASS">
          <reporter-output>
          </reporter-output>
        </test-method> <!-- beforeMethod -->
        <test-method signature="validUsernameBlankPasswordTest(java.lang.String)[pri:0, instance:test.LoginValidation@12aba8be]" started-at="2024-04-10T11:44:11 EDT" name="validUsernameBlankPasswordTest" finished-at="2024-04-10T11:44:13 EDT" duration-ms="2049" status="PASS">
          <params>
            <param index="0">
              <value>
                <![CDATA[dan@gmail.com]]>
              </value>
            </param>
          </params>
          <reporter-output>
            <line>
              <![CDATA[username = dan@gmail.com]]>
            </line>
            <line>
              <![CDATA[password = ]]>
            </line>
          </reporter-output>
        </test-method> <!-- validUsernameBlankPasswordTest -->
        <test-method is-config="true" signature="beforeMethod()[pri:0, instance:test.LoginValidation@12aba8be]" started-at="2024-04-10T11:44:13 EDT" name="beforeMethod" finished-at="2024-04-10T11:44:13 EDT" duration-ms="364" status="PASS">
          <reporter-output>
          </reporter-output>
        </test-method> <!-- beforeMethod -->
        <test-method signature="validUsernameInvalidPasswordTest(java.lang.String,java.lang.String)[pri:0, instance:test.LoginValidation@12aba8be]" started-at="2024-04-10T11:44:13 EDT" name="validUsernameInvalidPasswordTest" finished-at="2024-04-10T11:44:13 EDT" duration-ms="172" status="PASS">
          <params>
            <param index="0">
              <value>
                <![CDATA[dan@gmail.com]]>
              </value>
            </param>
            <param index="1">
              <value>
                <![CDATA[invalid-newtest1234]]>
              </value>
            </param>
          </params>
          <reporter-output>
            <line>
              <![CDATA[username = dan@gmail.com]]>
            </line>
            <line>
              <![CDATA[password = invalid-newtest1234]]>
            </line>
          </reporter-output>
        </test-method> <!-- validUsernameInvalidPasswordTest -->
        <test-method is-config="true" signature="beforeMethod()[pri:0, instance:test.LoginValidation@12aba8be]" started-at="2024-04-10T11:44:13 EDT" name="beforeMethod" finished-at="2024-04-10T11:44:16 EDT" duration-ms="2190" status="PASS">
          <reporter-output>
          </reporter-output>
        </test-method> <!-- beforeMethod -->
        <test-method signature="validUsernameValidPasswordTest(java.lang.String,java.lang.String)[pri:0, instance:test.LoginValidation@12aba8be]" started-at="2024-04-10T11:44:16 EDT" name="validUsernameValidPasswordTest" finished-at="2024-04-10T11:44:16 EDT" duration-ms="156" status="PASS">
          <params>
            <param index="0">
              <value>
                <![CDATA[dan@gmail.com]]>
              </value>
            </param>
            <param index="1">
              <value>
                <![CDATA[newtest1234]]>
              </value>
            </param>
          </params>
          <reporter-output>
            <line>
              <![CDATA[username = dan@gmail.com]]>
            </line>
            <line>
              <![CDATA[password = newtest1234]]>
            </line>
          </reporter-output>
        </test-method> <!-- validUsernameValidPasswordTest -->
      </class> <!-- test.LoginValidation -->
      <class name="test.BasicValidation">
        <test-method signature="titleValidation()[pri:0, instance:test.BasicValidation@23c30a20]" started-at="2024-04-10T11:44:01 EDT" name="titleValidation" finished-at="2024-04-10T11:44:01 EDT" duration-ms="10" status="PASS">
          <reporter-output>
            <line>
              <![CDATA[Expected Result = Facebook - log in or sign up]]>
            </line>
            <line>
              <![CDATA[Actual Result = Facebook - log in or sign up]]>
            </line>
          </reporter-output>
        </test-method> <!-- titleValidation -->
        <test-method signature="urlValidation()[pri:0, instance:test.BasicValidation@23c30a20]" started-at="2024-04-10T11:44:01 EDT" name="urlValidation" finished-at="2024-04-10T11:44:01 EDT" duration-ms="7" status="PASS">
          <reporter-output>
            <line>
              <![CDATA[Expected Result = https://www.facebook.com/]]>
            </line>
            <line>
              <![CDATA[Actual Result = https://www.facebook.com/]]>
            </line>
          </reporter-output>
        </test-method> <!-- urlValidation -->
      </class> <!-- test.BasicValidation -->
      <class name="test.BaseTest">
        <test-method is-config="true" signature="beforeTest(java.lang.String,java.lang.String)[pri:0, instance:test.BaseTest@194bcebf]" started-at="2024-04-10T11:43:59 EDT" name="beforeTest" finished-at="2024-04-10T11:44:01 EDT" duration-ms="2306" status="PASS">
          <params>
            <param index="0">
              <value>
                <![CDATA[edge]]>
              </value>
            </param>
            <param index="1">
              <value>
                <![CDATA[https://www.facebook.com]]>
              </value>
            </param>
          </params>
          <reporter-output>
          </reporter-output>
        </test-method> <!-- beforeTest -->
        <test-method is-config="true" signature="afterTest()[pri:0, instance:test.BaseTest@194bcebf]" started-at="2024-04-10T11:44:16 EDT" name="afterTest" finished-at="2024-04-10T11:44:17 EDT" duration-ms="1109" status="PASS">
          <reporter-output>
          </reporter-output>
        </test-method> <!-- afterTest -->
      </class> <!-- test.BaseTest -->
    </test> <!-- Edge Test -->
  </suite> <!-- RegressionSuite -->
</testng-results>
